Traceback (most recent call last):
  File "/home/keith/PythonProjects/projects/Mixed_Nuts/update_gmail_filters.py", line 166, in <module>
    main()
  File "/home/keith/PythonProjects/projects/Mixed_Nuts/update_gmail_filters.py", line 150, in main
    gmail = get_service("gmail", "v1")
            ^^^^^^^^^^^^^^^^^^^^^^^^^^
  File "/home/keith/PythonProjects/projects/Mixed_Nuts/update_gmail_filters.py", line 38, in get_service
    creds = flow.run_local_server(port=0)
            ^^^^^^^^^^^^^^^^^^^^^^^^^^^^^
  File "/home/keith/.local/lib/python3.12/site-packages/google_auth_oauthlib/flow.py", line 447, in run_local_server
    webbrowser.get(browser).open(auth_url, new=1, autoraise=True)
    ^^^^^^^^^^^^^^^^^^^^^^^
  File "/usr/lib/python3.12/webbrowser.py", line 66, in get
    raise Error("could not locate runnable browser")
webbrowser.Error: could not locate runnable browser
Traceback (most recent call last):
  File "/home/keith/PythonProjects/projects/Mixed_Nuts/update_gmail_filters.py", line 166, in <module>
    main()
  File "/home/keith/PythonProjects/projects/Mixed_Nuts/update_gmail_filters.py", line 150, in main
    gmail = get_service("gmail", "v1")
            ^^^^^^^^^^^^^^^^^^^^^^^^^^
  File "/home/keith/PythonProjects/projects/Mixed_Nuts/update_gmail_filters.py", line 38, in get_service
    creds = flow.run_local_server(port=0)
            ^^^^^^^^^^^^^^^^^^^^^^^^^^^^^
  File "/home/keith/.local/lib/python3.12/site-packages/google_auth_oauthlib/flow.py", line 447, in run_local_server
    webbrowser.get(browser).open(auth_url, new=1, autoraise=True)
    ^^^^^^^^^^^^^^^^^^^^^^^
  File "/usr/lib/python3.12/webbrowser.py", line 66, in get
    raise Error("could not locate runnable browser")
webbrowser.Error: could not locate runnable browser
